  [1m[35m (0.2ms)[0m  [1m[34mSELECT sqlite_version(*)[0m
  [1m[35m (1.5ms)[0m  [1m[35mCREATE TABLE "schema_migrations" ("version" varchar NOT NULL PRIMARY KEY)[0m
  [1m[35m (2.1ms)[0m  [1m[35mCREATE TABLE "ar_internal_metadata" ("key" varchar NOT NULL PRIMARY KEY, "value" varchar, "created_at" datetime NOT NULL, "updated_at" datetime NOT NULL)[0m
  [1m[35m (0.3ms)[0m  [1m[34mSELECT "schema_migrations"."version" FROM "schema_migrations" ORDER BY "schema_migrations"."version" ASC[0m
Migrating to CreateArticles (20180405223309)
  [1m[35m (0.2ms)[0m  [1m[36mbegin transaction[0m
  [1m[35m (0.9ms)[0m  [1m[35mCREATE TABLE "articles" ("id" INTEGER PRIMARY KEY AUTOINCREMENT NOT NULL, "title" varchar, "user" varchar, "tech" varchar, "descrtion" text, "resolution" text, "catagory" varchar, "created_at" datetime NOT NULL, "updated_at" datetime NOT NULL)[0m
  [1m[35mSQL (0.4ms)[0m  [1m[32mINSERT INTO "schema_migrations" ("version") VALUES (?)[0m  [["version", "20180405223309"]]
  [1m[35m (1.2ms)[0m  [1m[36mcommit transaction[0m
Migrating to CreateComments (20180407155842)
  [1m[35m (0.1ms)[0m  [1m[36mbegin transaction[0m
  [1m[35m (0.9ms)[0m  [1m[35mCREATE TABLE "comments" ("id" INTEGER PRIMARY KEY AUTOINCREMENT NOT NULL, "author_name" varchar, "body" text, "article_id" integer, "created_at" datetime NOT NULL, "updated_at" datetime NOT NULL, CONSTRAINT "fk_rails_3bf61a60d3"
FOREIGN KEY ("article_id")
  REFERENCES "articles" ("id")
)[0m
  [1m[35m (0.2ms)[0m  [1m[35mCREATE  INDEX "index_comments_on_article_id" ON "comments" ("article_id")[0m
  [1m[35mSQL (0.4ms)[0m  [1m[32mINSERT INTO "schema_migrations" ("version") VALUES (?)[0m  [["version", "20180407155842"]]
  [1m[35m (1.1ms)[0m  [1m[36mcommit transaction[0m
Migrating to CreateTags (20180407192217)
  [1m[35m (0.1ms)[0m  [1m[36mbegin transaction[0m
  [1m[35m (0.6ms)[0m  [1m[35mCREATE TABLE "tags" ("id" INTEGER PRIMARY KEY AUTOINCREMENT NOT NULL, "name" varchar, "created_at" datetime NOT NULL, "updated_at" datetime NOT NULL)[0m
  [1m[35mSQL (0.2ms)[0m  [1m[32mINSERT INTO "schema_migrations" ("version") VALUES (?)[0m  [["version", "20180407192217"]]
  [1m[35m (1.1ms)[0m  [1m[36mcommit transaction[0m
Migrating to CreateTaggings (20180407192235)
  [1m[35m (0.1ms)[0m  [1m[36mbegin transaction[0m
  [1m[35m (0.8ms)[0m  [1m[35mCREATE TABLE "taggings" ("id" INTEGER PRIMARY KEY AUTOINCREMENT NOT NULL, "tag_id" integer, "article_id" integer, "created_at" datetime NOT NULL, "updated_at" datetime NOT NULL, CONSTRAINT "fk_rails_9fcd2e236b"
FOREIGN KEY ("tag_id")
  REFERENCES "tags" ("id")
, CONSTRAINT "fk_rails_50f62c287b"
FOREIGN KEY ("article_id")
  REFERENCES "articles" ("id")
)[0m
  [1m[35m (0.3ms)[0m  [1m[35mCREATE  INDEX "index_taggings_on_tag_id" ON "taggings" ("tag_id")[0m
  [1m[35m (0.2ms)[0m  [1m[34m            SELECT sql
            FROM sqlite_master
            WHERE name='index_taggings_on_tag_id' AND type='index'
            UNION ALL
            SELECT sql
            FROM sqlite_temp_master
            WHERE name='index_taggings_on_tag_id' AND type='index'
[0m
  [1m[35m (0.4ms)[0m  [1m[35mCREATE  INDEX "index_taggings_on_article_id" ON "taggings" ("article_id")[0m
  [1m[35mSQL (1.1ms)[0m  [1m[32mINSERT INTO "schema_migrations" ("version") VALUES (?)[0m  [["version", "20180407192235"]]
  [1m[35m (1.3ms)[0m  [1m[36mcommit transaction[0m
Migrating to AddPaperclipFieldsToArticle (20180409233644)
  [1m[35m (0.1ms)[0m  [1m[36mbegin transaction[0m
  [1m[35m (0.8ms)[0m  [1m[35mALTER TABLE "articles" ADD "image_file_name" varchar[0m
  [1m[35m (0.5ms)[0m  [1m[35mALTER TABLE "articles" ADD "image_content_type" varchar[0m
  [1m[35m (0.4ms)[0m  [1m[35mALTER TABLE "articles" ADD "image_file_size" integer[0m
  [1m[35m (0.4ms)[0m  [1m[35mALTER TABLE "articles" ADD "image_updated_at" datetime[0m
  [1m[35mSQL (0.2ms)[0m  [1m[32mINSERT INTO "schema_migrations" ("version") VALUES (?)[0m  [["version", "20180409233644"]]
  [1m[35m (0.8ms)[0m  [1m[36mcommit transaction[0m
Migrating to SorceryCore (20180410210513)
  [1m[35m (0.1ms)[0m  [1m[34mSELECT "schema_migrations"."version" FROM "schema_migrations" ORDER BY "schema_migrations"."version" ASC[0m
Migrating to SorceryCore (20180410210513)
  [1m[35m (0.0ms)[0m  [1m[36mbegin transaction[0m
  [1m[35m (0.1ms)[0m  [1m[34mSELECT sqlite_version(*)[0m
  [1m[35m (0.4ms)[0m  [1m[35mCREATE TABLE "profiles" ("id" INTEGER PRIMARY KEY AUTOINCREMENT NOT NULL, "username" varchar NOT NULL, "email" varchar NOT NULL, "crypted_password" varchar NOT NULL, "salt" varchar NOT NULL, "created_at" datetime NOT NULL, "updated_at" datetime NOT NULL)[0m
  [1m[35m (0.1ms)[0m  [1m[35mCREATE UNIQUE INDEX "index_profiles_on_email" ON "profiles" ("email")[0m
  [1m[35mSQL (0.1ms)[0m  [1m[32mINSERT INTO "schema_migrations" ("version") VALUES (?)[0m  [["version", "20180410210513"]]
  [1m[35m (1.3ms)[0m  [1m[36mcommit transaction[0m
  [1m[36mActiveRecord::InternalMetadata Load (0.1ms)[0m  [1m[34mSELECT  "ar_internal_metadata".* FROM "ar_internal_metadata" WHERE "ar_internal_metadata"."key" = ? LIMIT ?[0m  [["key", "environment"], ["LIMIT", 1]]
  [1m[35m (0.1ms)[0m  [1m[36mbegin transaction[0m
  [1m[35mSQL (0.4ms)[0m  [1m[32mINSERT INTO "ar_internal_metadata" ("key", "value", "created_at", "updated_at") VALUES (?, ?, ?, ?)[0m  [["key", "environment"], ["value", "development"], ["created_at", "2018-04-10 21:07:55.427926"], ["updated_at", "2018-04-10 21:07:55.427926"]]
  [1m[35m (0.5ms)[0m  [1m[36mcommit transaction[0m
  [1m[35m (0.1ms)[0m  [1m[34mSELECT "schema_migrations"."version" FROM "schema_migrations" ORDER BY "schema_migrations"."version" ASC[0m
  [1m[35m (0.1ms)[0m  [1m[34m            SELECT sql
            FROM sqlite_master
            WHERE name='index_comments_on_article_id' AND type='index'
            UNION ALL
            SELECT sql
            FROM sqlite_temp_master
            WHERE name='index_comments_on_article_id' AND type='index'
[0m
  [1m[35m (0.1ms)[0m  [1m[34m            SELECT sql
            FROM sqlite_master
            WHERE name='index_profiles_on_email' AND type='index'
            UNION ALL
            SELECT sql
            FROM sqlite_temp_master
            WHERE name='index_profiles_on_email' AND type='index'
[0m
  [1m[35m (0.1ms)[0m  [1m[34m            SELECT sql
            FROM sqlite_master
            WHERE name='index_taggings_on_article_id' AND type='index'
            UNION ALL
            SELECT sql
            FROM sqlite_temp_master
            WHERE name='index_taggings_on_article_id' AND type='index'
[0m
  [1m[35m (0.1ms)[0m  [1m[34m            SELECT sql
            FROM sqlite_master
            WHERE name='index_taggings_on_tag_id' AND type='index'
            UNION ALL
            SELECT sql
            FROM sqlite_temp_master
            WHERE name='index_taggings_on_tag_id' AND type='index'
[0m
Started GET "/profiles/new" for 127.0.0.1 at 2018-04-10 14:10:23 -0700
  [1m[35m (0.5ms)[0m  [1m[34mSELECT "schema_migrations"."version" FROM "schema_migrations" ORDER BY "schema_migrations"."version" ASC[0m
Processing by ProfilesController#new as HTML
  Rendering profiles/new.html.erb within layouts/application
  Rendered profiles/_form.html.erb (17.3ms)
  Rendered profiles/new.html.erb within layouts/application (21.4ms)
Completed 200 OK in 423ms (Views: 403.3ms | ActiveRecord: 0.6ms)


Started POST "/profiles" for 127.0.0.1 at 2018-04-10 14:10:36 -0700
Processing by ProfilesController#create as HTML
  Parameters: {"utf8"=>"✓", "authenticity_token"=>"SNp2dVI5l5RU8U8TwOL1DN0UnKPgUxLYQp7FfTG54bLs9cE3z36xXZi0w2EJgM4LMZ5MZCSpB2FPUzxP7vGKeA==", "profile"=>{"username"=>"admin", "email"=>"admin@teespring.com", "password"=>"[FILTERED]", "password_confirmation"=>"[FILTERED]"}, "commit"=>"Create Profile"}
  [1m[35m (0.1ms)[0m  [1m[36mbegin transaction[0m
  [1m[35mSQL (1.6ms)[0m  [1m[32mINSERT INTO "profiles" ("username", "email", "crypted_password", "salt", "created_at", "updated_at") VALUES (?, ?, ?, ?, ?, ?)[0m  [["username", "admin"], ["email", "admin@teespring.com"], ["crypted_password", "$2a$10$b.kD8L2hfM/HWH6kr2s8AOI5KJgHy4QNPyvXcDHOFNIgn3dLIrO8O"], ["salt", "sEys9A4SoYmBzCv4QFpx"], ["created_at", "2018-04-10 21:10:36.639577"], ["updated_at", "2018-04-10 21:10:36.639577"]]
  [1m[35m (0.9ms)[0m  [1m[36mcommit transaction[0m
Redirected to http://localhost:3000/profiles/1
Completed 302 Found in 72ms (ActiveRecord: 2.5ms)


Started GET "/profiles/1" for 127.0.0.1 at 2018-04-10 14:10:36 -0700
Processing by ProfilesController#show as HTML
  Parameters: {"id"=>"1"}
  [1m[36mProfile Load (0.3ms)[0m  [1m[34mSELECT  "profiles".* FROM "profiles" WHERE "profiles"."id" = ? LIMIT ?[0m  [["id", 1], ["LIMIT", 1]]
  Rendering profiles/show.html.erb within layouts/application
  Rendered profiles/show.html.erb within layouts/application (1.1ms)
Completed 200 OK in 51ms (Views: 40.7ms | ActiveRecord: 0.3ms)


Started GET "/profiles/1" for 127.0.0.1 at 2018-04-10 14:11:27 -0700
Processing by ProfilesController#show as HTML
  Parameters: {"id"=>"1"}
  [1m[36mProfile Load (0.1ms)[0m  [1m[34mSELECT  "profiles".* FROM "profiles" WHERE "profiles"."id" = ? LIMIT ?[0m  [["id", 1], ["LIMIT", 1]]
  Rendering profiles/show.html.erb within layouts/application
  Rendered profiles/show.html.erb within layouts/application (0.9ms)
Completed 200 OK in 39ms (Views: 36.4ms | ActiveRecord: 0.1ms)


Started GET "/profiles/1" for 127.0.0.1 at 2018-04-10 14:12:20 -0700
Processing by ProfilesController#show as HTML
  Parameters: {"id"=>"1"}
  [1m[36mProfile Load (0.1ms)[0m  [1m[34mSELECT  "profiles".* FROM "profiles" WHERE "profiles"."id" = ? LIMIT ?[0m  [["id", 1], ["LIMIT", 1]]
  Rendering profiles/show.html.erb within layouts/application
  Rendered profiles/show.html.erb within layouts/application (1.1ms)
  [1m[36mCACHE Profile Load (0.0ms)[0m  [1m[34mSELECT  "profiles".* FROM "profiles" WHERE "profiles"."id" = ? LIMIT ?[0m  [["id", 1], ["LIMIT", 1]]
Completed 200 OK in 41ms (Views: 37.9ms | ActiveRecord: 0.1ms)


Started GET "/profiles/1" for 127.0.0.1 at 2018-04-10 14:12:21 -0700
Processing by ProfilesController#show as HTML
  Parameters: {"id"=>"1"}
  [1m[36mProfile Load (0.1ms)[0m  [1m[34mSELECT  "profiles".* FROM "profiles" WHERE "profiles"."id" = ? LIMIT ?[0m  [["id", 1], ["LIMIT", 1]]
  Rendering profiles/show.html.erb within layouts/application
  Rendered profiles/show.html.erb within layouts/application (0.8ms)
  [1m[36mCACHE Profile Load (0.0ms)[0m  [1m[34mSELECT  "profiles".* FROM "profiles" WHERE "profiles"."id" = ? LIMIT ?[0m  [["id", 1], ["LIMIT", 1]]
Completed 200 OK in 33ms (Views: 29.6ms | ActiveRecord: 0.1ms)


Started GET "/profiles/1" for 127.0.0.1 at 2018-04-10 14:12:22 -0700
Processing by ProfilesController#show as HTML
  Parameters: {"id"=>"1"}
  [1m[36mProfile Load (0.1ms)[0m  [1m[34mSELECT  "profiles".* FROM "profiles" WHERE "profiles"."id" = ? LIMIT ?[0m  [["id", 1], ["LIMIT", 1]]
  Rendering profiles/show.html.erb within layouts/application
  Rendered profiles/show.html.erb within layouts/application (0.6ms)
  [1m[36mCACHE Profile Load (0.0ms)[0m  [1m[34mSELECT  "profiles".* FROM "profiles" WHERE "profiles"."id" = ? LIMIT ?[0m  [["id", 1], ["LIMIT", 1]]
Completed 200 OK in 29ms (Views: 26.0ms | ActiveRecord: 0.1ms)


